-- Found ament_cmake: 1.3.3 (/opt/ros/humble/share/ament_cmake/cmake)
-- Override CMake install command with custom implementation using symlinks instead of copying resources
-- Found ament_lint_auto: 0.12.5 (/opt/ros/humble/share/ament_lint_auto/cmake)
-- Added test 'flake8' to check Python code syntax and style conventions
-- Added test 'lint_cmake' to check CMake code style
-- Added test 'pep257' to check Python code against some of the docstring style conventions in PEP 257
-- Added test 'xmllint' to check XML markup files
-- Configuring done
-- Generating done
-- Build files have been written to: /home/easz/r2_ws/build/r6_d9
-- Install configuration: ""
-- Execute custom install script
-- Symlinking: /home/easz/r2_ws/install/r6_d9/share/r6_d9/launch/launch_sim.launch.py
-- Symlinking: /home/easz/r2_ws/install/r6_d9/share/r6_d9/launch/rsp.launch.py
-- Symlinking: /home/easz/r2_ws/install/r6_d9/share/r6_d9/description/gazebo_control.xacro
-- Symlinking: /home/easz/r2_ws/install/r6_d9/share/r6_d9/description/inertial_macros.xacro
-- Symlinking: /home/easz/r2_ws/install/r6_d9/share/r6_d9/description/lidar.xacro
-- Symlinking: /home/easz/r2_ws/install/r6_d9/share/r6_d9/description/robot.urdf.xacro
-- Symlinking: /home/easz/r2_ws/install/r6_d9/share/r6_d9/description/robot_core.xacro
-- Symlinking: /home/easz/r2_ws/install/r6_d9/share/r6_d9/description/ros2_control.xacro
-- Symlinking: /home/easz/r2_ws/install/r6_d9/share/ament_index/resource_index/package_run_dependencies/r6_d9
-- Symlinking: /home/easz/r2_ws/install/r6_d9/share/ament_index/resource_index/parent_prefix_path/r6_d9
-- Symlinking: /home/easz/r2_ws/install/r6_d9/share/r6_d9/environment/ament_prefix_path.sh
-- Symlinking: /home/easz/r2_ws/install/r6_d9/share/r6_d9/environment/ament_prefix_path.dsv
-- Symlinking: /home/easz/r2_ws/install/r6_d9/share/r6_d9/environment/path.sh
-- Symlinking: /home/easz/r2_ws/install/r6_d9/share/r6_d9/environment/path.dsv
-- Symlinking: /home/easz/r2_ws/install/r6_d9/share/r6_d9/local_setup.bash
-- Symlinking: /home/easz/r2_ws/install/r6_d9/share/r6_d9/local_setup.sh
-- Symlinking: /home/easz/r2_ws/install/r6_d9/share/r6_d9/local_setup.zsh
-- Symlinking: /home/easz/r2_ws/install/r6_d9/share/r6_d9/local_setup.dsv
-- Symlinking: /home/easz/r2_ws/install/r6_d9/share/r6_d9/package.dsv
-- Symlinking: /home/easz/r2_ws/install/r6_d9/share/ament_index/resource_index/packages/r6_d9
-- Symlinking: /home/easz/r2_ws/install/r6_d9/share/r6_d9/cmake/r6_d9Config.cmake
-- Symlinking: /home/easz/r2_ws/install/r6_d9/share/r6_d9/cmake/r6_d9Config-version.cmake
-- Symlinking: /home/easz/r2_ws/install/r6_d9/share/r6_d9/package.xml
