[0.017s] Invoking command in '/home/easz/r2_ws/build/r6_d9': CMAKE_PREFIX_PATH=${CMAKE_PREFIX_PATH}:/opt/ros/humble /usr/bin/cmake /home/easz/r2_ws/src/r6_d9 -DAMENT_CMAKE_SYMLINK_INSTALL=1 -DCMAKE_INSTALL_PREFIX=/home/easz/r2_ws/install/r6_d9
[0.032s] -- Found ament_cmake: 1.3.3 (/opt/ros/humble/share/ament_cmake/cmake)
[0.196s] -- Override CMake install command with custom implementation using symlinks instead of copying resources
[0.206s] -- Found ament_lint_auto: 0.12.5 (/opt/ros/humble/share/ament_lint_auto/cmake)
[0.289s] -- Added test 'flake8' to check Python code syntax and style conventions
[0.290s] -- Added test 'lint_cmake' to check CMake code style
[0.291s] -- Added test 'pep257' to check Python code against some of the docstring style conventions in PEP 257
[0.291s] -- Added test 'xmllint' to check XML markup files
[0.292s] -- Configuring done
[0.296s] -- Generating done
[0.297s] -- Build files have been written to: /home/easz/r2_ws/build/r6_d9
[0.302s] Invoked command in '/home/easz/r2_ws/build/r6_d9' returned '0': CMAKE_PREFIX_PATH=${CMAKE_PREFIX_PATH}:/opt/ros/humble /usr/bin/cmake /home/easz/r2_ws/src/r6_d9 -DAMENT_CMAKE_SYMLINK_INSTALL=1 -DCMAKE_INSTALL_PREFIX=/home/easz/r2_ws/install/r6_d9
[0.302s] Invoking command in '/home/easz/r2_ws/build/r6_d9': CMAKE_PREFIX_PATH=${CMAKE_PREFIX_PATH}:/opt/ros/humble /usr/bin/cmake --build /home/easz/r2_ws/build/r6_d9 -- -j4 -l4
[0.339s] Invoked command in '/home/easz/r2_ws/build/r6_d9' returned '0': CMAKE_PREFIX_PATH=${CMAKE_PREFIX_PATH}:/opt/ros/humble /usr/bin/cmake --build /home/easz/r2_ws/build/r6_d9 -- -j4 -l4
[0.367s] Invoking command in '/home/easz/r2_ws/build/r6_d9': CMAKE_PREFIX_PATH=${CMAKE_PREFIX_PATH}:/opt/ros/humble /usr/bin/cmake --install /home/easz/r2_ws/build/r6_d9
[0.374s] -- Install configuration: ""
[0.375s] -- Execute custom install script
[0.375s] -- Symlinking: /home/easz/r2_ws/install/r6_d9/share/r6_d9/launch/launch_sim.launch.py
[0.383s] -- Symlinking: /home/easz/r2_ws/install/r6_d9/share/r6_d9/launch/rsp.launch.py
[0.393s] -- Symlinking: /home/easz/r2_ws/install/r6_d9/share/r6_d9/description/gazebo_control.xacro
[0.403s] -- Symlinking: /home/easz/r2_ws/install/r6_d9/share/r6_d9/description/inertial_macros.xacro
[0.412s] -- Symlinking: /home/easz/r2_ws/install/r6_d9/share/r6_d9/description/lidar.xacro
[0.422s] -- Symlinking: /home/easz/r2_ws/install/r6_d9/share/r6_d9/description/robot.urdf.xacro
[0.429s] -- Symlinking: /home/easz/r2_ws/install/r6_d9/share/r6_d9/description/robot_core.xacro
[0.440s] -- Symlinking: /home/easz/r2_ws/install/r6_d9/share/r6_d9/description/ros2_control.xacro
[0.451s] -- Symlinking: /home/easz/r2_ws/install/r6_d9/share/ament_index/resource_index/package_run_dependencies/r6_d9
[0.460s] -- Symlinking: /home/easz/r2_ws/install/r6_d9/share/ament_index/resource_index/parent_prefix_path/r6_d9
[0.472s] -- Symlinking: /home/easz/r2_ws/install/r6_d9/share/r6_d9/environment/ament_prefix_path.sh
[0.481s] -- Symlinking: /home/easz/r2_ws/install/r6_d9/share/r6_d9/environment/ament_prefix_path.dsv
[0.489s] -- Symlinking: /home/easz/r2_ws/install/r6_d9/share/r6_d9/environment/path.sh
[0.498s] -- Symlinking: /home/easz/r2_ws/install/r6_d9/share/r6_d9/environment/path.dsv
[0.509s] -- Symlinking: /home/easz/r2_ws/install/r6_d9/share/r6_d9/local_setup.bash
[0.517s] -- Symlinking: /home/easz/r2_ws/install/r6_d9/share/r6_d9/local_setup.sh
[0.527s] -- Symlinking: /home/easz/r2_ws/install/r6_d9/share/r6_d9/local_setup.zsh
[0.536s] -- Symlinking: /home/easz/r2_ws/install/r6_d9/share/r6_d9/local_setup.dsv
[0.544s] -- Symlinking: /home/easz/r2_ws/install/r6_d9/share/r6_d9/package.dsv
[0.552s] -- Symlinking: /home/easz/r2_ws/install/r6_d9/share/ament_index/resource_index/packages/r6_d9
[0.559s] -- Symlinking: /home/easz/r2_ws/install/r6_d9/share/r6_d9/cmake/r6_d9Config.cmake
[0.567s] -- Symlinking: /home/easz/r2_ws/install/r6_d9/share/r6_d9/cmake/r6_d9Config-version.cmake
[0.574s] -- Symlinking: /home/easz/r2_ws/install/r6_d9/share/r6_d9/package.xml
[0.583s] Invoked command in '/home/easz/r2_ws/build/r6_d9' returned '0': CMAKE_PREFIX_PATH=${CMAKE_PREFIX_PATH}:/opt/ros/humble /usr/bin/cmake --install /home/easz/r2_ws/build/r6_d9
