[0.037s] Invoking command in '/home/easz/Ros2-R2/build/r6_d9': CMAKE_PREFIX_PATH=${CMAKE_PREFIX_PATH}:/home/easz/controller/install/joy_tester:/opt/ros/humble /usr/bin/cmake --build /home/easz/Ros2-R2/build/r6_d9 -- -j4 -l4
[0.148s] Invoked command in '/home/easz/Ros2-R2/build/r6_d9' returned '0': CMAKE_PREFIX_PATH=${CMAKE_PREFIX_PATH}:/home/easz/controller/install/joy_tester:/opt/ros/humble /usr/bin/cmake --build /home/easz/Ros2-R2/build/r6_d9 -- -j4 -l4
[0.194s] Invoking command in '/home/easz/Ros2-R2/build/r6_d9': CMAKE_PREFIX_PATH=${CMAKE_PREFIX_PATH}:/home/easz/controller/install/joy_tester:/opt/ros/humble /usr/bin/cmake --install /home/easz/Ros2-R2/build/r6_d9
[0.202s] -- Install configuration: ""
[0.205s] -- Execute custom install script
[0.205s] -- Up-to-date symlink: /home/easz/Ros2-R2/install/r6_d9/share/r6_d9/launch/joystick.launch.py
[0.206s] -- Up-to-date symlink: /home/easz/Ros2-R2/install/r6_d9/share/r6_d9/launch/launch_robot.launch.py
[0.206s] -- Up-to-date symlink: /home/easz/Ros2-R2/install/r6_d9/share/r6_d9/launch/launch_sim.launch.py
[0.206s] -- Symlinking: /home/easz/Ros2-R2/install/r6_d9/share/r6_d9/launch/localization_launch.py
[0.217s] -- Symlinking: /home/easz/Ros2-R2/install/r6_d9/share/r6_d9/launch/navigation_launch.py
[0.234s] -- Up-to-date symlink: /home/easz/Ros2-R2/install/r6_d9/share/r6_d9/launch/rsp.launch.py
[0.234s] -- Up-to-date symlink: /home/easz/Ros2-R2/install/r6_d9/share/r6_d9/config/gaz_ros2_ctl_use_sim.yaml
[0.234s] -- Up-to-date symlink: /home/easz/Ros2-R2/install/r6_d9/share/r6_d9/config/gazebo__params.yaml
[0.234s] -- Up-to-date symlink: /home/easz/Ros2-R2/install/r6_d9/share/r6_d9/config/joystick.yaml
[0.234s] -- Up-to-date symlink: /home/easz/Ros2-R2/install/r6_d9/share/r6_d9/config/main.rviz
[0.235s] -- Up-to-date symlink: /home/easz/Ros2-R2/install/r6_d9/share/r6_d9/config/mapper_params_online_async.yaml
[0.235s] -- Up-to-date symlink: /home/easz/Ros2-R2/install/r6_d9/share/r6_d9/config/my_controllers.yaml
[0.235s] -- Symlinking: /home/easz/Ros2-R2/install/r6_d9/share/r6_d9/config/nav2_params.yaml
[0.238s] -- Up-to-date symlink: /home/easz/Ros2-R2/install/r6_d9/share/r6_d9/config/twist_mux.yaml
[0.238s] -- Up-to-date symlink: /home/easz/Ros2-R2/install/r6_d9/share/r6_d9/description/gazebo_control.xacro
[0.239s] -- Up-to-date symlink: /home/easz/Ros2-R2/install/r6_d9/share/r6_d9/description/inertial_macros.xacro
[0.239s] -- Up-to-date symlink: /home/easz/Ros2-R2/install/r6_d9/share/r6_d9/description/lidar.xacro
[0.239s] -- Up-to-date symlink: /home/easz/Ros2-R2/install/r6_d9/share/r6_d9/description/robot.urdf.xacro
[0.239s] -- Up-to-date symlink: /home/easz/Ros2-R2/install/r6_d9/share/r6_d9/description/robot_core.xacro
[0.239s] -- Up-to-date symlink: /home/easz/Ros2-R2/install/r6_d9/share/r6_d9/description/ros2_control.xacro
[0.240s] -- Up-to-date symlink: /home/easz/Ros2-R2/install/r6_d9/share/ament_index/resource_index/package_run_dependencies/r6_d9
[0.240s] -- Up-to-date symlink: /home/easz/Ros2-R2/install/r6_d9/share/ament_index/resource_index/parent_prefix_path/r6_d9
[0.240s] -- Up-to-date symlink: /home/easz/Ros2-R2/install/r6_d9/share/r6_d9/environment/ament_prefix_path.sh
[0.244s] -- Up-to-date symlink: /home/easz/Ros2-R2/install/r6_d9/share/r6_d9/environment/ament_prefix_path.dsv
[0.244s] -- Up-to-date symlink: /home/easz/Ros2-R2/install/r6_d9/share/r6_d9/environment/path.sh
[0.244s] -- Up-to-date symlink: /home/easz/Ros2-R2/install/r6_d9/share/r6_d9/environment/path.dsv
[0.244s] -- Up-to-date symlink: /home/easz/Ros2-R2/install/r6_d9/share/r6_d9/local_setup.bash
[0.244s] -- Up-to-date symlink: /home/easz/Ros2-R2/install/r6_d9/share/r6_d9/local_setup.sh
[0.244s] -- Up-to-date symlink: /home/easz/Ros2-R2/install/r6_d9/share/r6_d9/local_setup.zsh
[0.244s] -- Up-to-date symlink: /home/easz/Ros2-R2/install/r6_d9/share/r6_d9/local_setup.dsv
[0.245s] -- Symlinking: /home/easz/Ros2-R2/install/r6_d9/share/r6_d9/package.dsv
[0.256s] -- Up-to-date symlink: /home/easz/Ros2-R2/install/r6_d9/share/ament_index/resource_index/packages/r6_d9
[0.256s] -- Up-to-date symlink: /home/easz/Ros2-R2/install/r6_d9/share/r6_d9/cmake/r6_d9Config.cmake
[0.257s] -- Up-to-date symlink: /home/easz/Ros2-R2/install/r6_d9/share/r6_d9/cmake/r6_d9Config-version.cmake
[0.257s] -- Up-to-date symlink: /home/easz/Ros2-R2/install/r6_d9/share/r6_d9/package.xml
[0.262s] Invoked command in '/home/easz/Ros2-R2/build/r6_d9' returned '0': CMAKE_PREFIX_PATH=${CMAKE_PREFIX_PATH}:/home/easz/controller/install/joy_tester:/opt/ros/humble /usr/bin/cmake --install /home/easz/Ros2-R2/build/r6_d9
