[0.012s] Invoking command in '/home/easz/Ros2-R2/build/r6_d9': /usr/bin/cmake /home/easz/Ros2-R2/src/r6_d9 -DAMENT_CMAKE_SYMLINK_INSTALL=1 -DCMAKE_INSTALL_PREFIX=/home/easz/Ros2-R2/install/r6_d9
[0.147s] -- The C compiler identification is GNU 11.3.0
[0.251s] -- The CXX compiler identification is GNU 11.3.0
[0.264s] -- Detecting C compiler ABI info
[0.335s] -- Detecting C compiler ABI info - done
[0.349s] -- Check for working C compiler: /usr/bin/cc - skipped
[0.350s] -- Detecting C compile features
[0.351s] -- Detecting C compile features - done
[0.355s] -- Detecting CXX compiler ABI info
[0.441s] -- Detecting CXX compiler ABI info - done
[0.456s] -- Check for working CXX compiler: /usr/bin/c++ - skipped
[0.457s] -- Detecting CXX compile features
[0.457s] -- Detecting CXX compile features - done
[0.469s] [31mCMake Error at CMakeLists.txt:9 (find_package):
[0.469s]   By not providing "Findament_cmake.cmake" in CMAKE_MODULE_PATH this project
[0.469s]   has asked CMake to find a package configuration file provided by
[0.469s]   "ament_cmake", but CMake did not find one.
[0.469s] 
[0.469s]   Could not find a package configuration file provided by "ament_cmake" with
[0.469s]   any of the following names:
[0.469s] 
[0.470s]     ament_cmakeConfig.cmake
[0.470s]     ament_cmake-config.cmake
[0.470s] 
[0.470s]   Add the installation prefix of "ament_cmake" to CMAKE_PREFIX_PATH or set
[0.470s]   "ament_cmake_DIR" to a directory containing one of the above files.  If
[0.470s]   "ament_cmake" provides a separate development package or SDK, be sure it
[0.470s]   has been installed.
[0.470s] 
[0.470s] [0m
[0.470s] -- Configuring incomplete, errors occurred!
[0.471s] See also "/home/easz/Ros2-R2/build/r6_d9/CMakeFiles/CMakeOutput.log".
[0.473s] Invoked command in '/home/easz/Ros2-R2/build/r6_d9' returned '1': /usr/bin/cmake /home/easz/Ros2-R2/src/r6_d9 -DAMENT_CMAKE_SYMLINK_INSTALL=1 -DCMAKE_INSTALL_PREFIX=/home/easz/Ros2-R2/install/r6_d9
