[0.014s] Invoking command in '/home/easz/r2_ws/build/r6_d9': CMAKE_PREFIX_PATH=${CMAKE_PREFIX_PATH}:/opt/ros/humble /usr/bin/cmake --build /home/easz/r2_ws/build/r6_d9 -- -j4 -l4
[0.050s] Invoked command in '/home/easz/r2_ws/build/r6_d9' returned '0': CMAKE_PREFIX_PATH=${CMAKE_PREFIX_PATH}:/opt/ros/humble /usr/bin/cmake --build /home/easz/r2_ws/build/r6_d9 -- -j4 -l4
[0.075s] Invoking command in '/home/easz/r2_ws/build/r6_d9': CMAKE_PREFIX_PATH=${CMAKE_PREFIX_PATH}:/opt/ros/humble /usr/bin/cmake --install /home/easz/r2_ws/build/r6_d9
[0.081s] -- Install configuration: ""
[0.081s] -- Up-to-date: /home/easz/r2_ws/install/r6_d9/share/r6_d9/launch
[0.081s] -- Up-to-date: /home/easz/r2_ws/install/r6_d9/share/r6_d9/launch/rsp.launch.py
[0.081s] -- Up-to-date: /home/easz/r2_ws/install/r6_d9/share/r6_d9/launch/launch_sim.launch.py
[0.081s] -- Up-to-date: /home/easz/r2_ws/install/r6_d9/share/r6_d9/description
[0.081s] -- Up-to-date: /home/easz/r2_ws/install/r6_d9/share/r6_d9/description/lidar.xacro
[0.082s] -- Up-to-date: /home/easz/r2_ws/install/r6_d9/share/r6_d9/description/robot_core.xacro
[0.082s] -- Up-to-date: /home/easz/r2_ws/install/r6_d9/share/r6_d9/description/gazebo_control.xacro
[0.082s] -- Up-to-date: /home/easz/r2_ws/install/r6_d9/share/r6_d9/description/inertial_macros.xacro
[0.082s] -- Installing: /home/easz/r2_ws/install/r6_d9/share/r6_d9/description/robot.urdf.xacro
[0.082s] -- Installing: /home/easz/r2_ws/install/r6_d9/share/r6_d9/description/ros2_control.xacro
[0.082s] -- Up-to-date: /home/easz/r2_ws/install/r6_d9/share/ament_index/resource_index/package_run_dependencies/r6_d9
[0.082s] -- Up-to-date: /home/easz/r2_ws/install/r6_d9/share/ament_index/resource_index/parent_prefix_path/r6_d9
[0.082s] -- Up-to-date: /home/easz/r2_ws/install/r6_d9/share/r6_d9/environment/ament_prefix_path.sh
[0.082s] -- Up-to-date: /home/easz/r2_ws/install/r6_d9/share/r6_d9/environment/ament_prefix_path.dsv
[0.082s] -- Up-to-date: /home/easz/r2_ws/install/r6_d9/share/r6_d9/environment/path.sh
[0.083s] -- Up-to-date: /home/easz/r2_ws/install/r6_d9/share/r6_d9/environment/path.dsv
[0.083s] -- Up-to-date: /home/easz/r2_ws/install/r6_d9/share/r6_d9/local_setup.bash
[0.083s] -- Up-to-date: /home/easz/r2_ws/install/r6_d9/share/r6_d9/local_setup.sh
[0.083s] -- Up-to-date: /home/easz/r2_ws/install/r6_d9/share/r6_d9/local_setup.zsh
[0.083s] -- Up-to-date: /home/easz/r2_ws/install/r6_d9/share/r6_d9/local_setup.dsv
[0.083s] -- Up-to-date: /home/easz/r2_ws/install/r6_d9/share/r6_d9/package.dsv
[0.083s] -- Up-to-date: /home/easz/r2_ws/install/r6_d9/share/ament_index/resource_index/packages/r6_d9
[0.083s] -- Up-to-date: /home/easz/r2_ws/install/r6_d9/share/r6_d9/cmake/r6_d9Config.cmake
[0.083s] -- Up-to-date: /home/easz/r2_ws/install/r6_d9/share/r6_d9/cmake/r6_d9Config-version.cmake
[0.083s] -- Up-to-date: /home/easz/r2_ws/install/r6_d9/share/r6_d9/package.xml
[0.085s] Invoked command in '/home/easz/r2_ws/build/r6_d9' returned '0': CMAKE_PREFIX_PATH=${CMAKE_PREFIX_PATH}:/opt/ros/humble /usr/bin/cmake --install /home/easz/r2_ws/build/r6_d9
