[0.015s] Invoking command in '/home/easz/Ros2-R2/build/r6_d9': CMAKE_PREFIX_PATH=/opt/ros/humble /usr/bin/cmake /home/easz/Ros2-R2/src/r6_d9 -DAMENT_CMAKE_SYMLINK_INSTALL=1 -DCMAKE_INSTALL_PREFIX=/home/easz/Ros2-R2/install/r6_d9
[0.033s] -- Found ament_cmake: 1.3.3 (/opt/ros/humble/share/ament_cmake/cmake)
[0.232s] -- Found Python3: /usr/bin/python3.10 (found version "3.10.6") found components: Interpreter 
[0.307s] -- Override CMake install command with custom implementation using symlinks instead of copying resources
[0.343s] -- Found ament_lint_auto: 0.12.5 (/opt/ros/humble/share/ament_lint_auto/cmake)
[0.468s] -- Added test 'flake8' to check Python code syntax and style conventions
[0.468s] -- Added test 'lint_cmake' to check CMake code style
[0.468s] -- Added test 'pep257' to check Python code against some of the docstring style conventions in PEP 257
[0.469s] -- Added test 'xmllint' to check XML markup files
[0.471s] -- Configuring done
[0.475s] -- Generating done
[0.478s] -- Build files have been written to: /home/easz/Ros2-R2/build/r6_d9
[0.484s] Invoked command in '/home/easz/Ros2-R2/build/r6_d9' returned '0': CMAKE_PREFIX_PATH=/opt/ros/humble /usr/bin/cmake /home/easz/Ros2-R2/src/r6_d9 -DAMENT_CMAKE_SYMLINK_INSTALL=1 -DCMAKE_INSTALL_PREFIX=/home/easz/Ros2-R2/install/r6_d9
[0.489s] Invoking command in '/home/easz/Ros2-R2/build/r6_d9': CMAKE_PREFIX_PATH=/opt/ros/humble /usr/bin/cmake --build /home/easz/Ros2-R2/build/r6_d9 -- -j4 -l4
[0.520s] Invoked command in '/home/easz/Ros2-R2/build/r6_d9' returned '0': CMAKE_PREFIX_PATH=/opt/ros/humble /usr/bin/cmake --build /home/easz/Ros2-R2/build/r6_d9 -- -j4 -l4
[0.550s] Invoking command in '/home/easz/Ros2-R2/build/r6_d9': CMAKE_PREFIX_PATH=/opt/ros/humble /usr/bin/cmake --install /home/easz/Ros2-R2/build/r6_d9
[0.556s] -- Install configuration: ""
[0.557s] -- Execute custom install script
[0.558s] -- Symlinking: /home/easz/Ros2-R2/install/r6_d9/share/r6_d9/launch/launch_robot.launch.py
[0.566s] -- Symlinking: /home/easz/Ros2-R2/install/r6_d9/share/r6_d9/launch/launch_sim.launch.py
[0.574s] -- Symlinking: /home/easz/Ros2-R2/install/r6_d9/share/r6_d9/launch/rsp.launch.py
[0.583s] -- Symlinking: /home/easz/Ros2-R2/install/r6_d9/share/r6_d9/config/gazebo__params.yaml
[0.590s] -- Symlinking: /home/easz/Ros2-R2/install/r6_d9/share/r6_d9/config/my_controllers.yaml
[0.599s] -- Symlinking: /home/easz/Ros2-R2/install/r6_d9/share/r6_d9/description/gazebo_control.xacro
[0.606s] -- Symlinking: /home/easz/Ros2-R2/install/r6_d9/share/r6_d9/description/inertial_macros.xacro
[0.614s] -- Symlinking: /home/easz/Ros2-R2/install/r6_d9/share/r6_d9/description/lidar.xacro
[0.622s] -- Symlinking: /home/easz/Ros2-R2/install/r6_d9/share/r6_d9/description/robot.urdf.xacro
[0.630s] -- Symlinking: /home/easz/Ros2-R2/install/r6_d9/share/r6_d9/description/robot_core.xacro
[0.640s] -- Symlinking: /home/easz/Ros2-R2/install/r6_d9/share/r6_d9/description/ros2_control.xacro
[0.648s] -- Symlinking: /home/easz/Ros2-R2/install/r6_d9/share/ament_index/resource_index/package_run_dependencies/r6_d9
[0.656s] -- Symlinking: /home/easz/Ros2-R2/install/r6_d9/share/ament_index/resource_index/parent_prefix_path/r6_d9
[0.664s] -- Up-to-date symlink: /home/easz/Ros2-R2/install/r6_d9/share/r6_d9/environment/ament_prefix_path.sh
[0.664s] -- Symlinking: /home/easz/Ros2-R2/install/r6_d9/share/r6_d9/environment/ament_prefix_path.dsv
[0.671s] -- Up-to-date symlink: /home/easz/Ros2-R2/install/r6_d9/share/r6_d9/environment/path.sh
[0.671s] -- Symlinking: /home/easz/Ros2-R2/install/r6_d9/share/r6_d9/environment/path.dsv
[0.678s] -- Symlinking: /home/easz/Ros2-R2/install/r6_d9/share/r6_d9/local_setup.bash
[0.686s] -- Symlinking: /home/easz/Ros2-R2/install/r6_d9/share/r6_d9/local_setup.sh
[0.693s] -- Symlinking: /home/easz/Ros2-R2/install/r6_d9/share/r6_d9/local_setup.zsh
[0.700s] -- Symlinking: /home/easz/Ros2-R2/install/r6_d9/share/r6_d9/local_setup.dsv
[0.707s] -- Symlinking: /home/easz/Ros2-R2/install/r6_d9/share/r6_d9/package.dsv
[0.714s] -- Symlinking: /home/easz/Ros2-R2/install/r6_d9/share/ament_index/resource_index/packages/r6_d9
[0.721s] -- Symlinking: /home/easz/Ros2-R2/install/r6_d9/share/r6_d9/cmake/r6_d9Config.cmake
[0.728s] -- Symlinking: /home/easz/Ros2-R2/install/r6_d9/share/r6_d9/cmake/r6_d9Config-version.cmake
[0.737s] -- Symlinking: /home/easz/Ros2-R2/install/r6_d9/share/r6_d9/package.xml
[0.747s] Invoked command in '/home/easz/Ros2-R2/build/r6_d9' returned '0': CMAKE_PREFIX_PATH=/opt/ros/humble /usr/bin/cmake --install /home/easz/Ros2-R2/build/r6_d9
