[0.011s] Invoking command in '/home/easz/r2_ws/build/r6_d9': CMAKE_PREFIX_PATH=/opt/ros/humble /usr/bin/cmake /home/easz/r2_ws/src/r6_d9 -DCMAKE_INSTALL_PREFIX=/home/easz/r2_ws/install/r6_d9
[0.122s] -- The C compiler identification is GNU 11.3.0
[0.218s] -- The CXX compiler identification is GNU 11.3.0
[0.226s] -- Detecting C compiler ABI info
[0.301s] -- Detecting C compiler ABI info - done
[0.315s] -- Check for working C compiler: /usr/bin/cc - skipped
[0.315s] -- Detecting C compile features
[0.316s] -- Detecting C compile features - done
[0.320s] -- Detecting CXX compiler ABI info
[0.399s] -- Detecting CXX compiler ABI info - done
[0.417s] -- Check for working CXX compiler: /usr/bin/c++ - skipped
[0.417s] -- Detecting CXX compile features
[0.417s] -- Detecting CXX compile features - done
[0.419s] -- Found ament_cmake: 1.3.3 (/opt/ros/humble/share/ament_cmake/cmake)
[0.604s] -- Found Python3: /usr/bin/python3.10 (found version "3.10.6") found components: Interpreter 
[0.702s] -- Found ament_lint_auto: 0.12.5 (/opt/ros/humble/share/ament_lint_auto/cmake)
[0.793s] -- Added test 'flake8' to check Python code syntax and style conventions
[0.793s] -- Added test 'lint_cmake' to check CMake code style
[0.793s] -- Added test 'pep257' to check Python code against some of the docstring style conventions in PEP 257
[0.793s] -- Added test 'xmllint' to check XML markup files
[0.794s] -- Configuring done
[0.797s] -- Generating done
[0.798s] -- Build files have been written to: /home/easz/r2_ws/build/r6_d9
[0.802s] Invoked command in '/home/easz/r2_ws/build/r6_d9' returned '0': CMAKE_PREFIX_PATH=/opt/ros/humble /usr/bin/cmake /home/easz/r2_ws/src/r6_d9 -DCMAKE_INSTALL_PREFIX=/home/easz/r2_ws/install/r6_d9
[0.805s] Invoking command in '/home/easz/r2_ws/build/r6_d9': CMAKE_PREFIX_PATH=/opt/ros/humble /usr/bin/cmake --build /home/easz/r2_ws/build/r6_d9 -- -j4 -l4
[0.841s] Invoked command in '/home/easz/r2_ws/build/r6_d9' returned '0': CMAKE_PREFIX_PATH=/opt/ros/humble /usr/bin/cmake --build /home/easz/r2_ws/build/r6_d9 -- -j4 -l4
[0.864s] Invoking command in '/home/easz/r2_ws/build/r6_d9': CMAKE_PREFIX_PATH=/opt/ros/humble /usr/bin/cmake --install /home/easz/r2_ws/build/r6_d9
[0.870s] -- Install configuration: ""
[0.871s] -- Installing: /home/easz/r2_ws/install/r6_d9/share/r6_d9/launch
[0.871s] -- Installing: /home/easz/r2_ws/install/r6_d9/share/r6_d9/launch/rsp.launch.py
[0.872s] -- Installing: /home/easz/r2_ws/install/r6_d9/share/r6_d9/launch/launch_sim.launch.py
[0.873s] -- Installing: /home/easz/r2_ws/install/r6_d9/share/r6_d9/description
[0.874s] -- Installing: /home/easz/r2_ws/install/r6_d9/share/r6_d9/description/lidar.xacro
[0.874s] -- Installing: /home/easz/r2_ws/install/r6_d9/share/r6_d9/description/robot_core.xacro
[0.875s] -- Installing: /home/easz/r2_ws/install/r6_d9/share/r6_d9/description/gazebo_control.xacro
[0.876s] -- Installing: /home/easz/r2_ws/install/r6_d9/share/r6_d9/description/inertial_macros.xacro
[0.876s] -- Installing: /home/easz/r2_ws/install/r6_d9/share/r6_d9/description/robot.urdf.xacro
[0.877s] -- Installing: /home/easz/r2_ws/install/r6_d9/share/ament_index/resource_index/package_run_dependencies/r6_d9
[0.879s] -- Installing: /home/easz/r2_ws/install/r6_d9/share/ament_index/resource_index/parent_prefix_path/r6_d9
[0.880s] -- Installing: /home/easz/r2_ws/install/r6_d9/share/r6_d9/environment/ament_prefix_path.sh
[0.881s] -- Installing: /home/easz/r2_ws/install/r6_d9/share/r6_d9/environment/ament_prefix_path.dsv
[0.882s] -- Installing: /home/easz/r2_ws/install/r6_d9/share/r6_d9/environment/path.sh
[0.884s] -- Installing: /home/easz/r2_ws/install/r6_d9/share/r6_d9/environment/path.dsv
[0.886s] -- Installing: /home/easz/r2_ws/install/r6_d9/share/r6_d9/local_setup.bash
[0.886s] -- Installing: /home/easz/r2_ws/install/r6_d9/share/r6_d9/local_setup.sh
[0.886s] -- Installing: /home/easz/r2_ws/install/r6_d9/share/r6_d9/local_setup.zsh
[0.886s] -- Installing: /home/easz/r2_ws/install/r6_d9/share/r6_d9/local_setup.dsv
[0.886s] -- Installing: /home/easz/r2_ws/install/r6_d9/share/r6_d9/package.dsv
[0.890s] -- Installing: /home/easz/r2_ws/install/r6_d9/share/ament_index/resource_index/packages/r6_d9
[0.891s] -- Installing: /home/easz/r2_ws/install/r6_d9/share/r6_d9/cmake/r6_d9Config.cmake
[0.891s] -- Installing: /home/easz/r2_ws/install/r6_d9/share/r6_d9/cmake/r6_d9Config-version.cmake
[0.891s] -- Installing: /home/easz/r2_ws/install/r6_d9/share/r6_d9/package.xml
[0.891s] Invoked command in '/home/easz/r2_ws/build/r6_d9' returned '0': CMAKE_PREFIX_PATH=/opt/ros/humble /usr/bin/cmake --install /home/easz/r2_ws/build/r6_d9
