[0.013s] Invoking command in '/home/easz/Ros2-R2/build/r6_d9': /usr/bin/cmake /home/easz/Ros2-R2/src/r6_d9 -DCMAKE_INSTALL_PREFIX=/home/easz/Ros2-R2/install/r6_d9
[0.072s] -- Found ament_cmake: 1.3.3 (/opt/ros/humble/share/ament_cmake/cmake)
[0.252s] Traceback (most recent call last):
[0.253s]   File "/opt/ros/humble/share/ament_cmake_core/cmake/package_templates/templates_2_cmake.py", line 21, in <module>
[0.253s]     from ament_package.templates import get_environment_hook_template_path
[0.253s] ModuleNotFoundError: No module named 'ament_package'
[0.265s] [31mCMake Error at /opt/ros/humble/share/ament_cmake_core/cmake/ament_cmake_package_templates-extras.cmake:41 (message):
[0.265s]   execute_process(/usr/bin/python3.10
[0.265s]   /opt/ros/humble/share/ament_cmake_core/cmake/package_templates/templates_2_cmake.py
[0.265s]   /home/easz/Ros2-R2/build/r6_d9/ament_cmake_package_templates/templates.cmake)
[0.265s]   returned error code 1
[0.266s] Call Stack (most recent call first):
[0.266s]   /opt/ros/humble/share/ament_cmake_core/cmake/ament_cmake_coreConfig.cmake:41 (include)
[0.266s]   /opt/ros/humble/share/ament_cmake/cmake/ament_cmake_export_dependencies-extras.cmake:15 (find_package)
[0.266s]   /opt/ros/humble/share/ament_cmake/cmake/ament_cmakeConfig.cmake:41 (include)
[0.266s]   CMakeLists.txt:9 (find_package)
[0.266s] 
[0.266s] [0m
[0.266s] -- Configuring incomplete, errors occurred!
[0.266s] See also "/home/easz/Ros2-R2/build/r6_d9/CMakeFiles/CMakeOutput.log".
[0.269s] Invoked command in '/home/easz/Ros2-R2/build/r6_d9' returned '1': /usr/bin/cmake /home/easz/Ros2-R2/src/r6_d9 -DCMAKE_INSTALL_PREFIX=/home/easz/Ros2-R2/install/r6_d9
