[0.016s] Invoking command in '/home/easz/r2_ws/build/r6_d9': CMAKE_PREFIX_PATH=${CMAKE_PREFIX_PATH}:/opt/ros/humble /usr/bin/cmake --build /home/easz/r2_ws/build/r6_d9 -- -j4 -l4
[0.041s] -- Found ament_cmake: 1.3.3 (/opt/ros/humble/share/ament_cmake/cmake)
[0.189s] -- Override CMake install command with custom implementation using symlinks instead of copying resources
[0.198s] -- Found ament_lint_auto: 0.12.5 (/opt/ros/humble/share/ament_lint_auto/cmake)
[0.278s] -- Added test 'flake8' to check Python code syntax and style conventions
[0.278s] -- Added test 'lint_cmake' to check CMake code style
[0.279s] -- Added test 'pep257' to check Python code against some of the docstring style conventions in PEP 257
[0.280s] -- Added test 'xmllint' to check XML markup files
[0.281s] -- Configuring done
[0.284s] -- Generating done
[0.285s] -- Build files have been written to: /home/easz/r2_ws/build/r6_d9
[0.302s] Invoked command in '/home/easz/r2_ws/build/r6_d9' returned '0': CMAKE_PREFIX_PATH=${CMAKE_PREFIX_PATH}:/opt/ros/humble /usr/bin/cmake --build /home/easz/r2_ws/build/r6_d9 -- -j4 -l4
[0.327s] Invoking command in '/home/easz/r2_ws/build/r6_d9': CMAKE_PREFIX_PATH=${CMAKE_PREFIX_PATH}:/opt/ros/humble /usr/bin/cmake --install /home/easz/r2_ws/build/r6_d9
[0.334s] -- Install configuration: ""
[0.334s] -- Execute custom install script
[0.335s] -- Up-to-date symlink: /home/easz/r2_ws/install/r6_d9/share/r6_d9/launch/launch_sim.launch.py
[0.335s] -- Up-to-date symlink: /home/easz/r2_ws/install/r6_d9/share/r6_d9/launch/rsp.launch.py
[0.336s] -- Symlinking: /home/easz/r2_ws/install/r6_d9/share/r6_d9/config/my_controllers.yaml
[0.343s] -- Up-to-date symlink: /home/easz/r2_ws/install/r6_d9/share/r6_d9/description/gazebo_control.xacro
[0.343s] -- Up-to-date symlink: /home/easz/r2_ws/install/r6_d9/share/r6_d9/description/inertial_macros.xacro
[0.344s] -- Up-to-date symlink: /home/easz/r2_ws/install/r6_d9/share/r6_d9/description/lidar.xacro
[0.344s] -- Up-to-date symlink: /home/easz/r2_ws/install/r6_d9/share/r6_d9/description/robot.urdf.xacro
[0.344s] -- Up-to-date symlink: /home/easz/r2_ws/install/r6_d9/share/r6_d9/description/robot_core.xacro
[0.344s] -- Up-to-date symlink: /home/easz/r2_ws/install/r6_d9/share/r6_d9/description/ros2_control.xacro
[0.345s] -- Up-to-date symlink: /home/easz/r2_ws/install/r6_d9/share/ament_index/resource_index/package_run_dependencies/r6_d9
[0.345s] -- Up-to-date symlink: /home/easz/r2_ws/install/r6_d9/share/ament_index/resource_index/parent_prefix_path/r6_d9
[0.345s] -- Up-to-date symlink: /home/easz/r2_ws/install/r6_d9/share/r6_d9/environment/ament_prefix_path.sh
[0.346s] -- Up-to-date symlink: /home/easz/r2_ws/install/r6_d9/share/r6_d9/environment/ament_prefix_path.dsv
[0.346s] -- Up-to-date symlink: /home/easz/r2_ws/install/r6_d9/share/r6_d9/environment/path.sh
[0.346s] -- Up-to-date symlink: /home/easz/r2_ws/install/r6_d9/share/r6_d9/environment/path.dsv
[0.346s] -- Up-to-date symlink: /home/easz/r2_ws/install/r6_d9/share/r6_d9/local_setup.bash
[0.347s] -- Up-to-date symlink: /home/easz/r2_ws/install/r6_d9/share/r6_d9/local_setup.sh
[0.347s] -- Up-to-date symlink: /home/easz/r2_ws/install/r6_d9/share/r6_d9/local_setup.zsh
[0.347s] -- Up-to-date symlink: /home/easz/r2_ws/install/r6_d9/share/r6_d9/local_setup.dsv
[0.348s] -- Symlinking: /home/easz/r2_ws/install/r6_d9/share/r6_d9/package.dsv
[0.355s] -- Up-to-date symlink: /home/easz/r2_ws/install/r6_d9/share/ament_index/resource_index/packages/r6_d9
[0.355s] -- Up-to-date symlink: /home/easz/r2_ws/install/r6_d9/share/r6_d9/cmake/r6_d9Config.cmake
[0.355s] -- Up-to-date symlink: /home/easz/r2_ws/install/r6_d9/share/r6_d9/cmake/r6_d9Config-version.cmake
[0.355s] -- Up-to-date symlink: /home/easz/r2_ws/install/r6_d9/share/r6_d9/package.xml
[0.358s] Invoked command in '/home/easz/r2_ws/build/r6_d9' returned '0': CMAKE_PREFIX_PATH=${CMAKE_PREFIX_PATH}:/opt/ros/humble /usr/bin/cmake --install /home/easz/r2_ws/build/r6_d9
