[0.428s] DEBUG:colcon:Command line arguments: ['/usr/bin/colcon', 'build', '--symlink-install']
[0.428s] DEBUG:colcon:Parsed command line arguments: Namespace(log_base=None, log_level=None, verb_name='build', build_base='build', install_base='install', merge_install=False, symlink_install=True, test_result_base=None, continue_on_error=False, executor='parallel', parallel_workers=4, event_handlers=None, ignore_user_meta=False, metas=['./colcon.meta'], base_paths=['.'], packages_ignore=None, packages_ignore_regex=None, paths=None, packages_up_to=None, packages_up_to_regex=None, packages_above=None, packages_above_and_dependencies=None, packages_above_depth=None, packages_select_by_dep=None, packages_skip_by_dep=None, packages_skip_up_to=None, packages_select_build_failed=False, packages_skip_build_finished=False, packages_select_test_failures=False, packages_skip_test_passed=False, packages_select=None, packages_skip=None, packages_select_regex=None, packages_skip_regex=None, packages_start=None, packages_end=None, allow_overriding=[], cmake_args=None, cmake_target=None, cmake_target_skip_unavailable=False, cmake_clean_cache=False, cmake_clean_first=False, cmake_force_configure=False, ament_cmake_args=None, catkin_cmake_args=None, catkin_skip_building_tests=False, verb_parser=<colcon_defaults.argument_parser.defaults.DefaultArgumentsDecorator object at 0x7f0b8fc5f940>, verb_extension=<colcon_core.verb.build.BuildVerb object at 0x7f0b8fbc0b50>, main=<bound method BuildVerb.main of <colcon_core.verb.build.BuildVerb object at 0x7f0b8fbc0b50>>)
[0.468s] Level 1:colcon.colcon_core.package_discovery:discover_packages(colcon_meta) check parameters
[0.468s] Level 1:colcon.colcon_core.package_discovery:discover_packages(recursive) check parameters
[0.468s] Level 1:colcon.colcon_core.package_discovery:discover_packages(ignore) check parameters
[0.468s] Level 1:colcon.colcon_core.package_discovery:discover_packages(path) check parameters
[0.468s] Level 1:colcon.colcon_core.package_discovery:discover_packages(colcon_meta) discover
[0.468s] Level 1:colcon.colcon_core.package_discovery:discover_packages(recursive) discover
[0.468s] INFO:colcon.colcon_core.package_discovery:Crawling recursively for packages in '/home/easz/Ros2-R2'
[0.468s] Level 1:colcon.colcon_core.package_identification:_identify(.) by extensions ['ignore', 'ignore_ament_install']
[0.468s] Level 1:colcon.colcon_core.package_identification:_identify(.) by extension 'ignore'
[0.468s] Level 1:colcon.colcon_core.package_identification:_identify(.) by extension 'ignore_ament_install'
[0.468s] Level 1:colcon.colcon_core.package_identification:_identify(.) by extensions ['colcon_pkg']
[0.468s] Level 1:colcon.colcon_core.package_identification:_identify(.) by extension 'colcon_pkg'
[0.468s] Level 1:colcon.colcon_core.package_identification:_identify(.) by extensions ['colcon_meta']
[0.468s] Level 1:colcon.colcon_core.package_identification:_identify(.) by extension 'colcon_meta'
[0.468s] Level 1:colcon.colcon_core.package_identification:_identify(.) by extensions ['ros']
[0.468s] Level 1:colcon.colcon_core.package_identification:_identify(.) by extension 'ros'
[0.482s] Level 1:colcon.colcon_core.package_identification:_identify(.) by extensions ['cmake', 'python']
[0.482s] Level 1:colcon.colcon_core.package_identification:_identify(.) by extension 'cmake'
[0.482s] Level 1:colcon.colcon_core.package_identification:_identify(.) by extension 'python'
[0.483s] Level 1:colcon.colcon_core.package_identification:_identify(.) by extensions ['python_setup_py']
[0.483s] Level 1:colcon.colcon_core.package_identification:_identify(.) by extension 'python_setup_py'
[0.483s] Level 1:colcon.colcon_core.package_identification:_identify(build) by extensions ['ignore', 'ignore_ament_install']
[0.483s] Level 1:colcon.colcon_core.package_identification:_identify(build) by extension 'ignore'
[0.483s] Level 1:colcon.colcon_core.package_identification:_identify(build) ignored
[0.483s] Level 1:colcon.colcon_core.package_identification:_identify(install) by extensions ['ignore', 'ignore_ament_install']
[0.483s] Level 1:colcon.colcon_core.package_identification:_identify(install) by extension 'ignore'
[0.483s] Level 1:colcon.colcon_core.package_identification:_identify(install) ignored
[0.483s] Level 1:colcon.colcon_core.package_identification:_identify(log) by extensions ['ignore', 'ignore_ament_install']
[0.483s] Level 1:colcon.colcon_core.package_identification:_identify(log) by extension 'ignore'
[0.483s] Level 1:colcon.colcon_core.package_identification:_identify(log) ignored
[0.483s] Level 1:colcon.colcon_core.package_identification:_identify(src) by extensions ['ignore', 'ignore_ament_install']
[0.484s] Level 1:colcon.colcon_core.package_identification:_identify(src) by extension 'ignore'
[0.484s] Level 1:colcon.colcon_core.package_identification:_identify(src) by extension 'ignore_ament_install'
[0.484s] Level 1:colcon.colcon_core.package_identification:_identify(src) by extensions ['colcon_pkg']
[0.484s] Level 1:colcon.colcon_core.package_identification:_identify(src) by extension 'colcon_pkg'
[0.484s] Level 1:colcon.colcon_core.package_identification:_identify(src) by extensions ['colcon_meta']
[0.484s] Level 1:colcon.colcon_core.package_identification:_identify(src) by extension 'colcon_meta'
[0.484s] Level 1:colcon.colcon_core.package_identification:_identify(src) by extensions ['ros']
[0.484s] Level 1:colcon.colcon_core.package_identification:_identify(src) by extension 'ros'
[0.484s] Level 1:colcon.colcon_core.package_identification:_identify(src) by extensions ['cmake', 'python']
[0.484s] Level 1:colcon.colcon_core.package_identification:_identify(src) by extension 'cmake'
[0.484s] Level 1:colcon.colcon_core.package_identification:_identify(src) by extension 'python'
[0.484s] Level 1:colcon.colcon_core.package_identification:_identify(src) by extensions ['python_setup_py']
[0.484s] Level 1:colcon.colcon_core.package_identification:_identify(src) by extension 'python_setup_py'
[0.484s] Level 1:colcon.colcon_core.package_identification:_identify(src/r6_d9) by extensions ['ignore', 'ignore_ament_install']
[0.484s] Level 1:colcon.colcon_core.package_identification:_identify(src/r6_d9) by extension 'ignore'
[0.484s] Level 1:colcon.colcon_core.package_identification:_identify(src/r6_d9) by extension 'ignore_ament_install'
[0.484s] Level 1:colcon.colcon_core.package_identification:_identify(src/r6_d9) by extensions ['colcon_pkg']
[0.484s] Level 1:colcon.colcon_core.package_identification:_identify(src/r6_d9) by extension 'colcon_pkg'
[0.485s] Level 1:colcon.colcon_core.package_identification:_identify(src/r6_d9) by extensions ['colcon_meta']
[0.485s] Level 1:colcon.colcon_core.package_identification:_identify(src/r6_d9) by extension 'colcon_meta'
[0.485s] Level 1:colcon.colcon_core.package_identification:_identify(src/r6_d9) by extensions ['ros']
[0.485s] Level 1:colcon.colcon_core.package_identification:_identify(src/r6_d9) by extension 'ros'
[0.487s] DEBUG:colcon.colcon_core.package_identification:Package 'src/r6_d9' with type 'ros.ament_cmake' and name 'r6_d9'
[0.487s] Level 1:colcon.colcon_core.package_discovery:discover_packages(recursive) using defaults
[0.488s] Level 1:colcon.colcon_core.package_discovery:discover_packages(ignore) discover
[0.488s] Level 1:colcon.colcon_core.package_discovery:discover_packages(ignore) using defaults
[0.488s] Level 1:colcon.colcon_core.package_discovery:discover_packages(path) discover
[0.488s] Level 1:colcon.colcon_core.package_discovery:discover_packages(path) using defaults
[0.521s] Level 1:colcon.colcon_core.package_discovery:discover_packages(prefix_path) check parameters
[0.521s] Level 1:colcon.colcon_core.package_discovery:discover_packages(prefix_path) discover
[0.525s] DEBUG:colcon.colcon_installed_package_information.package_discovery:Found 1 installed packages in /home/easz/controller/install
[0.528s] DEBUG:colcon.colcon_installed_package_information.package_discovery:Found 374 installed packages in /opt/ros/humble
[0.532s] Level 1:colcon.colcon_core.package_discovery:discover_packages(prefix_path) using defaults
[0.646s] Level 5:colcon.colcon_core.verb:set package 'r6_d9' build argument 'cmake_args' from command line to 'None'
[0.646s] Level 5:colcon.colcon_core.verb:set package 'r6_d9' build argument 'cmake_target' from command line to 'None'
[0.646s] Level 5:colcon.colcon_core.verb:set package 'r6_d9' build argument 'cmake_target_skip_unavailable' from command line to 'False'
[0.646s] Level 5:colcon.colcon_core.verb:set package 'r6_d9' build argument 'cmake_clean_cache' from command line to 'False'
[0.646s] Level 5:colcon.colcon_core.verb:set package 'r6_d9' build argument 'cmake_clean_first' from command line to 'False'
[0.646s] Level 5:colcon.colcon_core.verb:set package 'r6_d9' build argument 'cmake_force_configure' from command line to 'False'
[0.646s] Level 5:colcon.colcon_core.verb:set package 'r6_d9' build argument 'ament_cmake_args' from command line to 'None'
[0.646s] Level 5:colcon.colcon_core.verb:set package 'r6_d9' build argument 'catkin_cmake_args' from command line to 'None'
[0.646s] Level 5:colcon.colcon_core.verb:set package 'r6_d9' build argument 'catkin_skip_building_tests' from command line to 'False'
[0.646s] DEBUG:colcon.colcon_core.verb:Building package 'r6_d9' with the following arguments: {'ament_cmake_args': None, 'build_base': '/home/easz/Ros2-R2/build/r6_d9', 'catkin_cmake_args': None, 'catkin_skip_building_tests': False, 'cmake_args': None, 'cmake_clean_cache': False, 'cmake_clean_first': False, 'cmake_force_configure': False, 'cmake_target': None, 'cmake_target_skip_unavailable': False, 'install_base': '/home/easz/Ros2-R2/install/r6_d9', 'merge_install': False, 'path': '/home/easz/Ros2-R2/src/r6_d9', 'symlink_install': True, 'test_result_base': None}
[0.647s] INFO:colcon.colcon_core.executor:Executing jobs using 'parallel' executor
[0.652s] DEBUG:colcon.colcon_parallel_executor.executor.parallel:run_until_complete
[0.652s] INFO:colcon.colcon_ros.task.ament_cmake.build:Building ROS package in '/home/easz/Ros2-R2/src/r6_d9' with build type 'ament_cmake'
[0.652s] INFO:colcon.colcon_cmake.task.cmake.build:Building CMake package in '/home/easz/Ros2-R2/src/r6_d9'
[0.657s] INFO:colcon.colcon_core.plugin_system:Skipping extension 'colcon_core.shell.bat': Not used on non-Windows systems
[0.657s] INFO:colcon.colcon_core.shell:Skip shell extension 'powershell' for command environment: Not usable outside of PowerShell
[0.657s] DEBUG:colcon.colcon_core.shell:Skip shell extension 'dsv' for command environment
[0.675s] DEBUG:colcon.colcon_core.event_handler.log_command:Invoking command in '/home/easz/Ros2-R2/build/r6_d9': CMAKE_PREFIX_PATH=/home/easz/controller/install/joy_tester:/opt/ros/humble /usr/bin/cmake /home/easz/Ros2-R2/src/r6_d9 -DAMENT_CMAKE_SYMLINK_INSTALL=1 -DCMAKE_INSTALL_PREFIX=/home/easz/Ros2-R2/install/r6_d9
[1.057s] DEBUG:colcon.colcon_core.event_handler.log_command:Invoked command in '/home/easz/Ros2-R2/build/r6_d9' returned '0': CMAKE_PREFIX_PATH=/home/easz/controller/install/joy_tester:/opt/ros/humble /usr/bin/cmake /home/easz/Ros2-R2/src/r6_d9 -DAMENT_CMAKE_SYMLINK_INSTALL=1 -DCMAKE_INSTALL_PREFIX=/home/easz/Ros2-R2/install/r6_d9
[1.059s] DEBUG:colcon.colcon_core.event_handler.log_command:Invoking command in '/home/easz/Ros2-R2/build/r6_d9': CMAKE_PREFIX_PATH=/home/easz/controller/install/joy_tester:/opt/ros/humble /usr/bin/cmake --build /home/easz/Ros2-R2/build/r6_d9 -- -j4 -l4
[1.098s] DEBUG:colcon.colcon_core.event_handler.log_command:Invoked command in '/home/easz/Ros2-R2/build/r6_d9' returned '0': CMAKE_PREFIX_PATH=/home/easz/controller/install/joy_tester:/opt/ros/humble /usr/bin/cmake --build /home/easz/Ros2-R2/build/r6_d9 -- -j4 -l4
[1.122s] DEBUG:colcon.colcon_core.event_handler.log_command:Invoking command in '/home/easz/Ros2-R2/build/r6_d9': CMAKE_PREFIX_PATH=/home/easz/controller/install/joy_tester:/opt/ros/humble /usr/bin/cmake --install /home/easz/Ros2-R2/build/r6_d9
[1.179s] Level 1:colcon.colcon_core.environment:create_environment_scripts_only(r6_d9)
[1.180s] DEBUG:colcon.colcon_core.event_handler.log_command:Invoked command in '/home/easz/Ros2-R2/build/r6_d9' returned '0': CMAKE_PREFIX_PATH=/home/easz/controller/install/joy_tester:/opt/ros/humble /usr/bin/cmake --install /home/easz/Ros2-R2/build/r6_d9
[1.187s] Level 1:colcon.colcon_core.environment:checking '/home/easz/Ros2-R2/install/r6_d9' for CMake module files
[1.187s] Level 1:colcon.colcon_core.environment:checking '/home/easz/Ros2-R2/install/r6_d9' for CMake config files
[1.188s] Level 1:colcon.colcon_core.shell:create_environment_hook('r6_d9', 'cmake_prefix_path')
[1.190s] INFO:colcon.colcon_core.shell:Creating environment hook '/home/easz/Ros2-R2/install/r6_d9/share/r6_d9/hook/cmake_prefix_path.ps1'
[1.191s] INFO:colcon.colcon_core.shell:Creating environment descriptor '/home/easz/Ros2-R2/install/r6_d9/share/r6_d9/hook/cmake_prefix_path.dsv'
[1.191s] INFO:colcon.colcon_core.shell:Creating environment hook '/home/easz/Ros2-R2/install/r6_d9/share/r6_d9/hook/cmake_prefix_path.sh'
[1.192s] Level 1:colcon.colcon_core.environment:checking '/home/easz/Ros2-R2/install/r6_d9/bin'
[1.193s] Level 1:colcon.colcon_core.environment:checking '/home/easz/Ros2-R2/install/r6_d9/lib/pkgconfig/r6_d9.pc'
[1.193s] Level 1:colcon.colcon_core.environment:checking '/home/easz/Ros2-R2/install/r6_d9/lib/python3.10/site-packages'
[1.193s] Level 1:colcon.colcon_core.environment:checking '/home/easz/Ros2-R2/install/r6_d9/bin'
[1.195s] INFO:colcon.colcon_core.shell:Creating package script '/home/easz/Ros2-R2/install/r6_d9/share/r6_d9/package.ps1'
[1.196s] INFO:colcon.colcon_core.shell:Creating package descriptor '/home/easz/Ros2-R2/install/r6_d9/share/r6_d9/package.dsv'
[1.196s] INFO:colcon.colcon_core.shell:Creating package script '/home/easz/Ros2-R2/install/r6_d9/share/r6_d9/package.sh'
[1.198s] INFO:colcon.colcon_core.shell:Creating package script '/home/easz/Ros2-R2/install/r6_d9/share/r6_d9/package.bash'
[1.199s] INFO:colcon.colcon_core.shell:Creating package script '/home/easz/Ros2-R2/install/r6_d9/share/r6_d9/package.zsh'
[1.199s] Level 1:colcon.colcon_core.environment:create_file_with_runtime_dependencies(/home/easz/Ros2-R2/install/r6_d9/share/colcon-core/packages/r6_d9)
[1.218s] Level 1:colcon.colcon_core.environment:create_environment_scripts_only(r6_d9)
[1.220s] Level 1:colcon.colcon_core.environment:checking '/home/easz/Ros2-R2/install/r6_d9' for CMake module files
[1.221s] Level 1:colcon.colcon_core.environment:checking '/home/easz/Ros2-R2/install/r6_d9' for CMake config files
[1.221s] Level 1:colcon.colcon_core.shell:create_environment_hook('r6_d9', 'cmake_prefix_path')
[1.223s] INFO:colcon.colcon_core.shell:Creating environment hook '/home/easz/Ros2-R2/install/r6_d9/share/r6_d9/hook/cmake_prefix_path.ps1'
[1.224s] INFO:colcon.colcon_core.shell:Creating environment descriptor '/home/easz/Ros2-R2/install/r6_d9/share/r6_d9/hook/cmake_prefix_path.dsv'
[1.224s] INFO:colcon.colcon_core.shell:Creating environment hook '/home/easz/Ros2-R2/install/r6_d9/share/r6_d9/hook/cmake_prefix_path.sh'
[1.225s] Level 1:colcon.colcon_core.environment:checking '/home/easz/Ros2-R2/install/r6_d9/bin'
[1.225s] Level 1:colcon.colcon_core.environment:checking '/home/easz/Ros2-R2/install/r6_d9/lib/pkgconfig/r6_d9.pc'
[1.225s] Level 1:colcon.colcon_core.environment:checking '/home/easz/Ros2-R2/install/r6_d9/lib/python3.10/site-packages'
[1.225s] Level 1:colcon.colcon_core.environment:checking '/home/easz/Ros2-R2/install/r6_d9/bin'
[1.228s] INFO:colcon.colcon_core.shell:Creating package script '/home/easz/Ros2-R2/install/r6_d9/share/r6_d9/package.ps1'
[1.229s] INFO:colcon.colcon_core.shell:Creating package descriptor '/home/easz/Ros2-R2/install/r6_d9/share/r6_d9/package.dsv'
[1.229s] INFO:colcon.colcon_core.shell:Creating package script '/home/easz/Ros2-R2/install/r6_d9/share/r6_d9/package.sh'
[1.230s] INFO:colcon.colcon_core.shell:Creating package script '/home/easz/Ros2-R2/install/r6_d9/share/r6_d9/package.bash'
[1.230s] INFO:colcon.colcon_core.shell:Creating package script '/home/easz/Ros2-R2/install/r6_d9/share/r6_d9/package.zsh'
[1.230s] Level 1:colcon.colcon_core.environment:create_file_with_runtime_dependencies(/home/easz/Ros2-R2/install/r6_d9/share/colcon-core/packages/r6_d9)
[1.231s] DEBUG:colcon.colcon_parallel_executor.executor.parallel:closing loop
[1.231s] DEBUG:colcon.colcon_parallel_executor.executor.parallel:loop closed
[1.231s] DEBUG:colcon.colcon_parallel_executor.executor.parallel:run_until_complete finished with '0'
[1.231s] DEBUG:colcon.colcon_core.event_reactor:joining thread
[1.236s] INFO:colcon.colcon_core.plugin_system:Skipping extension 'colcon_notification.desktop_notification.terminal_notifier': Not used on non-Darwin systems
[1.236s] INFO:colcon.colcon_core.plugin_system:Skipping extension 'colcon_notification.desktop_notification.win32': Not used on non-Windows systems
[1.236s] INFO:colcon.colcon_notification.desktop_notification:Sending desktop notification using 'notify2'
[1.251s] DEBUG:colcon.colcon_core.event_reactor:joined thread
[1.254s] INFO:colcon.colcon_core.shell:Creating prefix script '/home/easz/Ros2-R2/install/local_setup.ps1'
[1.262s] INFO:colcon.colcon_core.shell:Creating prefix util module '/home/easz/Ros2-R2/install/_local_setup_util_ps1.py'
[1.265s] INFO:colcon.colcon_core.shell:Creating prefix chain script '/home/easz/Ros2-R2/install/setup.ps1'
[1.268s] INFO:colcon.colcon_core.shell:Creating prefix script '/home/easz/Ros2-R2/install/local_setup.sh'
[1.269s] INFO:colcon.colcon_core.shell:Creating prefix util module '/home/easz/Ros2-R2/install/_local_setup_util_sh.py'
[1.270s] INFO:colcon.colcon_core.shell:Creating prefix chain script '/home/easz/Ros2-R2/install/setup.sh'
[1.272s] INFO:colcon.colcon_core.shell:Creating prefix script '/home/easz/Ros2-R2/install/local_setup.bash'
[1.273s] INFO:colcon.colcon_core.shell:Creating prefix chain script '/home/easz/Ros2-R2/install/setup.bash'
[1.276s] INFO:colcon.colcon_core.shell:Creating prefix script '/home/easz/Ros2-R2/install/local_setup.zsh'
[1.277s] INFO:colcon.colcon_core.shell:Creating prefix chain script '/home/easz/Ros2-R2/install/setup.zsh'
