[0.426s] DEBUG:colcon:Command line arguments: ['/usr/bin/colcon', 'build', '--symlink-install']
[0.427s] DEBUG:colcon:Parsed command line arguments: Namespace(log_base=None, log_level=None, verb_name='build', build_base='build', install_base='install', merge_install=False, symlink_install=True, test_result_base=None, continue_on_error=False, executor='parallel', parallel_workers=4, event_handlers=None, ignore_user_meta=False, metas=['./colcon.meta'], base_paths=['.'], packages_ignore=None, packages_ignore_regex=None, paths=None, packages_up_to=None, packages_up_to_regex=None, packages_above=None, packages_above_and_dependencies=None, packages_above_depth=None, packages_select_by_dep=None, packages_skip_by_dep=None, packages_skip_up_to=None, packages_select_build_failed=False, packages_skip_build_finished=False, packages_select_test_failures=False, packages_skip_test_passed=False, packages_select=None, packages_skip=None, packages_select_regex=None, packages_skip_regex=None, packages_start=None, packages_end=None, allow_overriding=[], cmake_args=None, cmake_target=None, cmake_target_skip_unavailable=False, cmake_clean_cache=False, cmake_clean_first=False, cmake_force_configure=False, ament_cmake_args=None, catkin_cmake_args=None, catkin_skip_building_tests=False, verb_parser=<colcon_defaults.argument_parser.defaults.DefaultArgumentsDecorator object at 0x7f812e2b2800>, verb_extension=<colcon_core.verb.build.BuildVerb object at 0x7f812eb05de0>, main=<bound method BuildVerb.main of <colcon_core.verb.build.BuildVerb object at 0x7f812eb05de0>>)
[0.462s] Level 1:colcon.colcon_core.package_discovery:discover_packages(colcon_meta) check parameters
[0.462s] Level 1:colcon.colcon_core.package_discovery:discover_packages(recursive) check parameters
[0.462s] Level 1:colcon.colcon_core.package_discovery:discover_packages(ignore) check parameters
[0.462s] Level 1:colcon.colcon_core.package_discovery:discover_packages(path) check parameters
[0.462s] Level 1:colcon.colcon_core.package_discovery:discover_packages(colcon_meta) discover
[0.462s] Level 1:colcon.colcon_core.package_discovery:discover_packages(recursive) discover
[0.462s] INFO:colcon.colcon_core.package_discovery:Crawling recursively for packages in '/home/easz/r2_ws'
[0.462s] Level 1:colcon.colcon_core.package_identification:_identify(.) by extensions ['ignore', 'ignore_ament_install']
[0.463s] Level 1:colcon.colcon_core.package_identification:_identify(.) by extension 'ignore'
[0.463s] Level 1:colcon.colcon_core.package_identification:_identify(.) by extension 'ignore_ament_install'
[0.463s] Level 1:colcon.colcon_core.package_identification:_identify(.) by extensions ['colcon_pkg']
[0.463s] Level 1:colcon.colcon_core.package_identification:_identify(.) by extension 'colcon_pkg'
[0.463s] Level 1:colcon.colcon_core.package_identification:_identify(.) by extensions ['colcon_meta']
[0.463s] Level 1:colcon.colcon_core.package_identification:_identify(.) by extension 'colcon_meta'
[0.463s] Level 1:colcon.colcon_core.package_identification:_identify(.) by extensions ['ros']
[0.463s] Level 1:colcon.colcon_core.package_identification:_identify(.) by extension 'ros'
[0.478s] Level 1:colcon.colcon_core.package_identification:_identify(.) by extensions ['cmake', 'python']
[0.478s] Level 1:colcon.colcon_core.package_identification:_identify(.) by extension 'cmake'
[0.478s] Level 1:colcon.colcon_core.package_identification:_identify(.) by extension 'python'
[0.478s] Level 1:colcon.colcon_core.package_identification:_identify(.) by extensions ['python_setup_py']
[0.478s] Level 1:colcon.colcon_core.package_identification:_identify(.) by extension 'python_setup_py'
[0.478s] Level 1:colcon.colcon_core.package_identification:_identify(build) by extensions ['ignore', 'ignore_ament_install']
[0.478s] Level 1:colcon.colcon_core.package_identification:_identify(build) by extension 'ignore'
[0.478s] Level 1:colcon.colcon_core.package_identification:_identify(build) ignored
[0.479s] Level 1:colcon.colcon_core.package_identification:_identify(install) by extensions ['ignore', 'ignore_ament_install']
[0.479s] Level 1:colcon.colcon_core.package_identification:_identify(install) by extension 'ignore'
[0.479s] Level 1:colcon.colcon_core.package_identification:_identify(install) ignored
[0.479s] Level 1:colcon.colcon_core.package_identification:_identify(log) by extensions ['ignore', 'ignore_ament_install']
[0.479s] Level 1:colcon.colcon_core.package_identification:_identify(log) by extension 'ignore'
[0.479s] Level 1:colcon.colcon_core.package_identification:_identify(log) ignored
[0.479s] Level 1:colcon.colcon_core.package_identification:_identify(src) by extensions ['ignore', 'ignore_ament_install']
[0.479s] Level 1:colcon.colcon_core.package_identification:_identify(src) by extension 'ignore'
[0.479s] Level 1:colcon.colcon_core.package_identification:_identify(src) by extension 'ignore_ament_install'
[0.479s] Level 1:colcon.colcon_core.package_identification:_identify(src) by extensions ['colcon_pkg']
[0.479s] Level 1:colcon.colcon_core.package_identification:_identify(src) by extension 'colcon_pkg'
[0.479s] Level 1:colcon.colcon_core.package_identification:_identify(src) by extensions ['colcon_meta']
[0.479s] Level 1:colcon.colcon_core.package_identification:_identify(src) by extension 'colcon_meta'
[0.479s] Level 1:colcon.colcon_core.package_identification:_identify(src) by extensions ['ros']
[0.480s] Level 1:colcon.colcon_core.package_identification:_identify(src) by extension 'ros'
[0.480s] Level 1:colcon.colcon_core.package_identification:_identify(src) by extensions ['cmake', 'python']
[0.480s] Level 1:colcon.colcon_core.package_identification:_identify(src) by extension 'cmake'
[0.480s] Level 1:colcon.colcon_core.package_identification:_identify(src) by extension 'python'
[0.480s] Level 1:colcon.colcon_core.package_identification:_identify(src) by extensions ['python_setup_py']
[0.480s] Level 1:colcon.colcon_core.package_identification:_identify(src) by extension 'python_setup_py'
[0.480s] Level 1:colcon.colcon_core.package_identification:_identify(src/r6_d9) by extensions ['ignore', 'ignore_ament_install']
[0.480s] Level 1:colcon.colcon_core.package_identification:_identify(src/r6_d9) by extension 'ignore'
[0.480s] Level 1:colcon.colcon_core.package_identification:_identify(src/r6_d9) by extension 'ignore_ament_install'
[0.480s] Level 1:colcon.colcon_core.package_identification:_identify(src/r6_d9) by extensions ['colcon_pkg']
[0.480s] Level 1:colcon.colcon_core.package_identification:_identify(src/r6_d9) by extension 'colcon_pkg'
[0.480s] Level 1:colcon.colcon_core.package_identification:_identify(src/r6_d9) by extensions ['colcon_meta']
[0.480s] Level 1:colcon.colcon_core.package_identification:_identify(src/r6_d9) by extension 'colcon_meta'
[0.480s] Level 1:colcon.colcon_core.package_identification:_identify(src/r6_d9) by extensions ['ros']
[0.480s] Level 1:colcon.colcon_core.package_identification:_identify(src/r6_d9) by extension 'ros'
[0.483s] DEBUG:colcon.colcon_core.package_identification:Package 'src/r6_d9' with type 'ros.ament_cmake' and name 'r6_d9'
[0.483s] Level 1:colcon.colcon_core.package_discovery:discover_packages(recursive) using defaults
[0.483s] Level 1:colcon.colcon_core.package_discovery:discover_packages(ignore) discover
[0.483s] Level 1:colcon.colcon_core.package_discovery:discover_packages(ignore) using defaults
[0.484s] Level 1:colcon.colcon_core.package_discovery:discover_packages(path) discover
[0.484s] Level 1:colcon.colcon_core.package_discovery:discover_packages(path) using defaults
[0.514s] Level 1:colcon.colcon_core.package_discovery:discover_packages(prefix_path) check parameters
[0.514s] Level 1:colcon.colcon_core.package_discovery:discover_packages(prefix_path) discover
[0.518s] DEBUG:colcon.colcon_installed_package_information.package_discovery:Found 1 installed packages in /home/easz/r2_ws/install
[0.521s] DEBUG:colcon.colcon_installed_package_information.package_discovery:Found 314 installed packages in /opt/ros/humble
[0.524s] Level 1:colcon.colcon_core.package_discovery:discover_packages(prefix_path) using defaults
[0.616s] Level 5:colcon.colcon_core.verb:set package 'r6_d9' build argument 'cmake_args' from command line to 'None'
[0.617s] Level 5:colcon.colcon_core.verb:set package 'r6_d9' build argument 'cmake_target' from command line to 'None'
[0.617s] Level 5:colcon.colcon_core.verb:set package 'r6_d9' build argument 'cmake_target_skip_unavailable' from command line to 'False'
[0.617s] Level 5:colcon.colcon_core.verb:set package 'r6_d9' build argument 'cmake_clean_cache' from command line to 'False'
[0.617s] Level 5:colcon.colcon_core.verb:set package 'r6_d9' build argument 'cmake_clean_first' from command line to 'False'
[0.617s] Level 5:colcon.colcon_core.verb:set package 'r6_d9' build argument 'cmake_force_configure' from command line to 'False'
[0.617s] Level 5:colcon.colcon_core.verb:set package 'r6_d9' build argument 'ament_cmake_args' from command line to 'None'
[0.617s] Level 5:colcon.colcon_core.verb:set package 'r6_d9' build argument 'catkin_cmake_args' from command line to 'None'
[0.617s] Level 5:colcon.colcon_core.verb:set package 'r6_d9' build argument 'catkin_skip_building_tests' from command line to 'False'
[0.617s] DEBUG:colcon.colcon_core.verb:Building package 'r6_d9' with the following arguments: {'ament_cmake_args': None, 'build_base': '/home/easz/r2_ws/build/r6_d9', 'catkin_cmake_args': None, 'catkin_skip_building_tests': False, 'cmake_args': None, 'cmake_clean_cache': False, 'cmake_clean_first': False, 'cmake_force_configure': False, 'cmake_target': None, 'cmake_target_skip_unavailable': False, 'install_base': '/home/easz/r2_ws/install/r6_d9', 'merge_install': False, 'path': '/home/easz/r2_ws/src/r6_d9', 'symlink_install': True, 'test_result_base': None}
[0.618s] INFO:colcon.colcon_core.executor:Executing jobs using 'parallel' executor
[0.622s] DEBUG:colcon.colcon_parallel_executor.executor.parallel:run_until_complete
[0.622s] INFO:colcon.colcon_ros.task.ament_cmake.build:Building ROS package in '/home/easz/r2_ws/src/r6_d9' with build type 'ament_cmake'
[0.622s] INFO:colcon.colcon_cmake.task.cmake.build:Building CMake package in '/home/easz/r2_ws/src/r6_d9'
[0.627s] INFO:colcon.colcon_core.plugin_system:Skipping extension 'colcon_core.shell.bat': Not used on non-Windows systems
[0.627s] INFO:colcon.colcon_core.shell:Skip shell extension 'powershell' for command environment: Not usable outside of PowerShell
[0.627s] DEBUG:colcon.colcon_core.shell:Skip shell extension 'dsv' for command environment
[0.641s] DEBUG:colcon.colcon_core.event_handler.log_command:Invoking command in '/home/easz/r2_ws/build/r6_d9': CMAKE_PREFIX_PATH=${CMAKE_PREFIX_PATH}:/opt/ros/humble /usr/bin/cmake --build /home/easz/r2_ws/build/r6_d9 -- -j4 -l4
[0.675s] DEBUG:colcon.colcon_core.event_handler.log_command:Invoked command in '/home/easz/r2_ws/build/r6_d9' returned '0': CMAKE_PREFIX_PATH=${CMAKE_PREFIX_PATH}:/opt/ros/humble /usr/bin/cmake --build /home/easz/r2_ws/build/r6_d9 -- -j4 -l4
[0.702s] DEBUG:colcon.colcon_core.event_handler.log_command:Invoking command in '/home/easz/r2_ws/build/r6_d9': CMAKE_PREFIX_PATH=${CMAKE_PREFIX_PATH}:/opt/ros/humble /usr/bin/cmake --install /home/easz/r2_ws/build/r6_d9
[0.732s] Level 1:colcon.colcon_core.environment:create_environment_scripts_only(r6_d9)
[0.733s] DEBUG:colcon.colcon_core.event_handler.log_command:Invoked command in '/home/easz/r2_ws/build/r6_d9' returned '0': CMAKE_PREFIX_PATH=${CMAKE_PREFIX_PATH}:/opt/ros/humble /usr/bin/cmake --install /home/easz/r2_ws/build/r6_d9
[0.738s] Level 1:colcon.colcon_core.environment:checking '/home/easz/r2_ws/install/r6_d9' for CMake module files
[0.739s] Level 1:colcon.colcon_core.environment:checking '/home/easz/r2_ws/install/r6_d9' for CMake config files
[0.739s] Level 1:colcon.colcon_core.shell:create_environment_hook('r6_d9', 'cmake_prefix_path')
[0.741s] INFO:colcon.colcon_core.shell:Creating environment hook '/home/easz/r2_ws/install/r6_d9/share/r6_d9/hook/cmake_prefix_path.ps1'
[0.742s] INFO:colcon.colcon_core.shell:Creating environment descriptor '/home/easz/r2_ws/install/r6_d9/share/r6_d9/hook/cmake_prefix_path.dsv'
[0.743s] INFO:colcon.colcon_core.shell:Creating environment hook '/home/easz/r2_ws/install/r6_d9/share/r6_d9/hook/cmake_prefix_path.sh'
[0.744s] Level 1:colcon.colcon_core.environment:checking '/home/easz/r2_ws/install/r6_d9/bin'
[0.745s] Level 1:colcon.colcon_core.environment:checking '/home/easz/r2_ws/install/r6_d9/lib/pkgconfig/r6_d9.pc'
[0.745s] Level 1:colcon.colcon_core.environment:checking '/home/easz/r2_ws/install/r6_d9/lib/python3.10/site-packages'
[0.745s] Level 1:colcon.colcon_core.environment:checking '/home/easz/r2_ws/install/r6_d9/bin'
[0.747s] INFO:colcon.colcon_core.shell:Creating package script '/home/easz/r2_ws/install/r6_d9/share/r6_d9/package.ps1'
[0.748s] INFO:colcon.colcon_core.shell:Creating package descriptor '/home/easz/r2_ws/install/r6_d9/share/r6_d9/package.dsv'
[0.749s] INFO:colcon.colcon_core.shell:Creating package script '/home/easz/r2_ws/install/r6_d9/share/r6_d9/package.sh'
[0.750s] INFO:colcon.colcon_core.shell:Creating package script '/home/easz/r2_ws/install/r6_d9/share/r6_d9/package.bash'
[0.751s] INFO:colcon.colcon_core.shell:Creating package script '/home/easz/r2_ws/install/r6_d9/share/r6_d9/package.zsh'
[0.752s] Level 1:colcon.colcon_core.environment:create_file_with_runtime_dependencies(/home/easz/r2_ws/install/r6_d9/share/colcon-core/packages/r6_d9)
[0.773s] Level 1:colcon.colcon_core.environment:create_environment_scripts_only(r6_d9)
[0.775s] Level 1:colcon.colcon_core.environment:checking '/home/easz/r2_ws/install/r6_d9' for CMake module files
[0.776s] Level 1:colcon.colcon_core.environment:checking '/home/easz/r2_ws/install/r6_d9' for CMake config files
[0.776s] Level 1:colcon.colcon_core.shell:create_environment_hook('r6_d9', 'cmake_prefix_path')
[0.778s] INFO:colcon.colcon_core.shell:Creating environment hook '/home/easz/r2_ws/install/r6_d9/share/r6_d9/hook/cmake_prefix_path.ps1'
[0.778s] INFO:colcon.colcon_core.shell:Creating environment descriptor '/home/easz/r2_ws/install/r6_d9/share/r6_d9/hook/cmake_prefix_path.dsv'
[0.779s] INFO:colcon.colcon_core.shell:Creating environment hook '/home/easz/r2_ws/install/r6_d9/share/r6_d9/hook/cmake_prefix_path.sh'
[0.780s] Level 1:colcon.colcon_core.environment:checking '/home/easz/r2_ws/install/r6_d9/bin'
[0.780s] Level 1:colcon.colcon_core.environment:checking '/home/easz/r2_ws/install/r6_d9/lib/pkgconfig/r6_d9.pc'
[0.780s] Level 1:colcon.colcon_core.environment:checking '/home/easz/r2_ws/install/r6_d9/lib/python3.10/site-packages'
[0.780s] Level 1:colcon.colcon_core.environment:checking '/home/easz/r2_ws/install/r6_d9/bin'
[0.782s] INFO:colcon.colcon_core.shell:Creating package script '/home/easz/r2_ws/install/r6_d9/share/r6_d9/package.ps1'
[0.783s] INFO:colcon.colcon_core.shell:Creating package descriptor '/home/easz/r2_ws/install/r6_d9/share/r6_d9/package.dsv'
[0.783s] INFO:colcon.colcon_core.shell:Creating package script '/home/easz/r2_ws/install/r6_d9/share/r6_d9/package.sh'
[0.784s] INFO:colcon.colcon_core.shell:Creating package script '/home/easz/r2_ws/install/r6_d9/share/r6_d9/package.bash'
[0.784s] INFO:colcon.colcon_core.shell:Creating package script '/home/easz/r2_ws/install/r6_d9/share/r6_d9/package.zsh'
[0.784s] Level 1:colcon.colcon_core.environment:create_file_with_runtime_dependencies(/home/easz/r2_ws/install/r6_d9/share/colcon-core/packages/r6_d9)
[0.785s] DEBUG:colcon.colcon_parallel_executor.executor.parallel:closing loop
[0.785s] DEBUG:colcon.colcon_parallel_executor.executor.parallel:loop closed
[0.785s] DEBUG:colcon.colcon_parallel_executor.executor.parallel:run_until_complete finished with '0'
[0.785s] DEBUG:colcon.colcon_core.event_reactor:joining thread
[0.791s] INFO:colcon.colcon_core.plugin_system:Skipping extension 'colcon_notification.desktop_notification.terminal_notifier': Not used on non-Darwin systems
[0.791s] INFO:colcon.colcon_core.plugin_system:Skipping extension 'colcon_notification.desktop_notification.win32': Not used on non-Windows systems
[0.791s] INFO:colcon.colcon_notification.desktop_notification:Sending desktop notification using 'notify2'
[0.803s] DEBUG:colcon.colcon_core.event_reactor:joined thread
[0.805s] INFO:colcon.colcon_core.shell:Creating prefix script '/home/easz/r2_ws/install/local_setup.ps1'
[0.809s] INFO:colcon.colcon_core.shell:Creating prefix util module '/home/easz/r2_ws/install/_local_setup_util_ps1.py'
[0.812s] INFO:colcon.colcon_core.shell:Creating prefix chain script '/home/easz/r2_ws/install/setup.ps1'
[0.814s] INFO:colcon.colcon_core.shell:Creating prefix script '/home/easz/r2_ws/install/local_setup.sh'
[0.814s] INFO:colcon.colcon_core.shell:Creating prefix util module '/home/easz/r2_ws/install/_local_setup_util_sh.py'
[0.815s] INFO:colcon.colcon_core.shell:Creating prefix chain script '/home/easz/r2_ws/install/setup.sh'
[0.819s] INFO:colcon.colcon_core.shell:Creating prefix script '/home/easz/r2_ws/install/local_setup.bash'
[0.820s] INFO:colcon.colcon_core.shell:Creating prefix chain script '/home/easz/r2_ws/install/setup.bash'
[0.822s] INFO:colcon.colcon_core.shell:Creating prefix script '/home/easz/r2_ws/install/local_setup.zsh'
[0.822s] INFO:colcon.colcon_core.shell:Creating prefix chain script '/home/easz/r2_ws/install/setup.zsh'
